<?xml version="1.0" encoding="UTF-8"?>
<testng-results skipped="0" failed="0" ignored="0" total="2" passed="2">
  <reporter-output>
  </reporter-output>
  <suite name="SampleSuite2" duration-ms="49103" started-at="2021-09-17T10:54:22 IST" finished-at="2021-09-17T10:55:11 IST">
    <groups>
    </groups>
    <test name="SampleTest" duration-ms="23306" started-at="2021-09-17T10:54:22 IST" finished-at="2021-09-17T10:54:46 IST">
      <class name="com.picnic.CrossBrowsersTest">
        <test-method status="PASS" signature="setup(java.lang.String)[pri:0, instance:com.picnic.CrossBrowsersTest@158e9f6e]" name="setup" is-config="true" duration-ms="7780" started-at="2021-09-17T10:54:22 IST" finished-at="2021-09-17T10:54:30 IST">
          <params>
            <param index="0">
              <value>
                <![CDATA[Chrome]]>
              </value>
            </param>
          </params>
          <reporter-output>
          </reporter-output>
        </test-method> <!-- setup -->
        <test-method status="PASS" signature="testParameterWithXML()[pri:0, instance:com.picnic.CrossBrowsersTest@158e9f6e]" name="testParameterWithXML" duration-ms="15464" started-at="2021-09-17T10:54:30 IST" finished-at="2021-09-17T10:54:46 IST">
          <reporter-output>
          </reporter-output>
        </test-method> <!-- testParameterWithXML -->
      </class> <!-- com.picnic.CrossBrowsersTest -->
    </test> <!-- SampleTest -->
    <test name="Sample2Test" duration-ms="25683" started-at="2021-09-17T10:54:46 IST" finished-at="2021-09-17T10:55:11 IST">
      <class name="com.picnic.CrossBrowsersTest">
        <test-method status="PASS" signature="setup(java.lang.String)[pri:0, instance:com.picnic.CrossBrowsersTest@54e43bfe]" name="setup" is-config="true" duration-ms="9499" started-at="2021-09-17T10:54:46 IST" finished-at="2021-09-17T10:54:55 IST">
          <params>
            <param index="0">
              <value>
                <![CDATA[Firefox]]>
              </value>
            </param>
          </params>
          <reporter-output>
          </reporter-output>
        </test-method> <!-- setup -->
        <test-method status="PASS" signature="testParameterWithXML()[pri:0, instance:com.picnic.CrossBrowsersTest@54e43bfe]" name="testParameterWithXML" duration-ms="16180" started-at="2021-09-17T10:54:55 IST" finished-at="2021-09-17T10:55:11 IST">
          <reporter-output>
          </reporter-output>
        </test-method> <!-- testParameterWithXML -->
      </class> <!-- com.picnic.CrossBrowsersTest -->
    </test> <!-- Sample2Test -->
  </suite> <!-- SampleSuite2 -->
</testng-results>
