<?xml version="1.0" encoding="UTF-8"?>
<testng-results ignored="0" total="2" passed="2" failed="0" skipped="0">
  <reporter-output>
  </reporter-output>
  <suite started-at="2021-09-17T09:08:16 IST" name="SampleSuite2" finished-at="2021-09-17T09:09:01 IST" duration-ms="45080">
    <groups>
    </groups>
    <test started-at="2021-09-17T09:08:16 IST" name="SampleTest" finished-at="2021-09-17T09:08:37 IST" duration-ms="20648">
      <class name="com.picnic.CrossBrowsersTest">
        <test-method is-config="true" signature="setup(java.lang.String)[pri:0, instance:com.picnic.CrossBrowsersTest@66d3eec0]" started-at="2021-09-17T09:08:16 IST" name="setup" finished-at="2021-09-17T09:08:21 IST" duration-ms="4957" status="PASS">
          <params>
            <param index="0">
              <value>
                <![CDATA[Chrome]]>
              </value>
            </param>
          </params>
          <reporter-output>
          </reporter-output>
        </test-method> <!-- setup -->
        <test-method signature="testParameterWithXML()[pri:0, instance:com.picnic.CrossBrowsersTest@66d3eec0]" started-at="2021-09-17T09:08:21 IST" name="testParameterWithXML" finished-at="2021-09-17T09:08:37 IST" duration-ms="15616" status="PASS">
          <reporter-output>
          </reporter-output>
        </test-method> <!-- testParameterWithXML -->
      </class> <!-- com.picnic.CrossBrowsersTest -->
    </test> <!-- SampleTest -->
    <test started-at="2021-09-17T09:08:37 IST" name="Sample2Test" finished-at="2021-09-17T09:09:01 IST" duration-ms="24330">
      <class name="com.picnic.CrossBrowsersTest">
        <test-method is-config="true" signature="setup(java.lang.String)[pri:0, instance:com.picnic.CrossBrowsersTest@71a8adcf]" started-at="2021-09-17T09:08:37 IST" name="setup" finished-at="2021-09-17T09:08:44 IST" duration-ms="6871" status="PASS">
          <params>
            <param index="0">
              <value>
                <![CDATA[Firefox]]>
              </value>
            </param>
          </params>
          <reporter-output>
          </reporter-output>
        </test-method> <!-- setup -->
        <test-method signature="testParameterWithXML()[pri:0, instance:com.picnic.CrossBrowsersTest@71a8adcf]" started-at="2021-09-17T09:08:44 IST" name="testParameterWithXML" finished-at="2021-09-17T09:09:01 IST" duration-ms="17456" status="PASS">
          <reporter-output>
          </reporter-output>
        </test-method> <!-- testParameterWithXML -->
      </class> <!-- com.picnic.CrossBrowsersTest -->
    </test> <!-- Sample2Test -->
  </suite> <!-- SampleSuite2 -->
</testng-results>
